<?xml version="1.0" encoding="UTF-8"?>
<!-- Generated by org.testng.reporters.JUnitReportReporter -->
<testsuite hostname="LAPTOP-8IPU5TVH" failures="0" tests="2" name="PS1" time="0.014" errors="0" timestamp="2023-11-11T15:53:35 IST" skipped="0">
  <testcase classname="PS1" name="doThis" time="0.007"/>
  <system-out/>
  <testcase classname="PS1" name="testRun" time="0.007"/>
  <system-out/>
</testsuite> <!-- PS1 -->
